app/build/outputs/logs/manifest-merger-release-report.txt
-- Merging decision tree log ---
manifest
ADDED from src/main/AndroidManifest.xml:2:1-58:12
INJECTED from src/main/AndroidManifest.xml:2:1-58:12
INJECTED from src/main/AndroidManifest.xml:2:1-58:12
INJECTED from src/main/AndroidManifest.xml:2:1-58:12
MERGED from [com.karumi:dexter:4.1.0] AndroidManifest.xml:17:1-33:12
MERGED from [com.android.support:design:28.0.0] AndroidManifest.xml:17:1-24:12
MERGED from [com.github.MdFarhanRaja:SearchableSpinner:1.2] AndroidManifest.xml:2:1-17:12
MERGED from [com.airbnb.android:lottie:2.2.0] AndroidManifest.xml:2:1-12:12
MERGED from [com.amitshekhar.android:android-networking:1.0.2] AndroidManifest.xml:18:1-27:12
MERGED from [com.android.support:appcompat-v7:28.0.0] AndroidManifest.xml:17:1-22:12
MERGED from [com.android.support.constraint:constraint-layout:1.1.3] AndroidManifest.xml:2:1-11:12
MERGED from [com.jakewharton:butterknife:8.8.1] AndroidManifest.xml:2:1-7:12
MERGED from [com.google.firebase:firebase-core:16.0.8] AndroidManifest.xml:2:1-9:12
MERGED from [com.google.firebase:firebase-auth:16.2.0] AndroidManifest.xml:17:1-42:12
MERGED from [com.google.android.gms:play-services-auth:16.0.1] AndroidManifest.xml:17:1-39:12
MERGED from [com.github.bumptech.glide:glide:4.8.0] AndroidManifest.xml:2:1-12:12
MERGED from [com.google.firebase:firebase-perf:16.2.4] AndroidManifest.xml:17:1-41:12
MERGED from [com.google.android.gms:play-services-auth-api-phone:16.0.0] AndroidManifest.xml:2:1-7:12
MERGED from [com.google.firebase:firebase-database:16.1.0] AndroidManifest.xml:15:1-36:12
MERGED from [com.google.firebase:firebase-config:16.4.1] AndroidManifest.xml:2:1-15:12
MERGED from [io.reactivex.rxjava2:rxandroid:2.1.0] AndroidManifest.xml:15:1-20:12
MERGED from [com.flyco.dialog:FlycoDialog_Lib:1.3.2] AndroidManifest.xml:2:1-11:12
MERGED from [com.google.firebase:firebase-crash:16.2.1] AndroidManifest.xml:17:1-32:12
MERGED from [com.google.firebase:firebase-storage:16.1.0] AndroidManifest.xml:15:1-37:12
MERGED from [com.google.android.gms:play-services-vision:17.0.2] AndroidManifest.xml:2:1-9:12
MERGED from [com.android.support:multidex:1.0.3] AndroidManifest.xml:17:1-22:12
MERGED from [com.android.volley:volley:1.1.0] AndroidManifest.xml:2:1-11:12
MERGED from [com.facebook.shimmer:shimmer:0.1.0] AndroidManifest.xml:2:1-11:12
MERGED from [com.weiwangcn.betterspinner:library:1.1.0] AndroidManifest.xml:2:1-16:12
MERGED from [com.wang.avi:library:2.1.3] AndroidManifest.xml:2:1-11:12
MERGED from [com.mindorks:paracamera:0.2.2] AndroidManifest.xml:2:1-27:12
MERGED from [io.paperdb:paperdb:2.1] AndroidManifest.xml:2:1-14:12
MERGED from [com.android.support:recyclerview-v7:28.0.0] AndroidManifest.xml:17:1-22:12
MERGED from [com.android.support:cardview-v7:28.0.0] AndroidManifest.xml:17:1-22:12
MERGED from [com.blankj:utilcode:1.7.1] AndroidManifest.xml:2:1-10:12
MERGED from [com.google.android.gms:play-services-vision-common:17.0.2] AndroidManifest.xml:2:1-9:12
MERGED from [com.google.android.gms:play-services-flags:16.0.1] AndroidManifest.xml:17:1-22:12
MERGED from [com.google.firebase:firebase-auth-interop:16.0.1] AndroidManifest.xml:2:1-10:12
MERGED from [com.google.android.gms:play-services-auth-base:16.0.0] AndroidManifest.xml:2:1-7:12
MERGED from [com.google.android.gms:play-services-clearcut:16.0.0] AndroidManifest.xml:17:1-24:12
MERGED from [com.google.android.gms:play-services-phenotype:16.0.0] AndroidManifest.xml:17:1-24:12
MERGED from [com.google.firebase:firebase-analytics:16.4.0] AndroidManifest.xml:2:1-9:12
MERGED from [com.google.android.gms:play-services-measurement-api:16.4.0] AndroidManifest.xml:17:1-36:12
MERGED from [com.google.firebase:firebase-iid:17.0.3] AndroidManifest.xml:17:1-59:12
MERGED from [com.google.firebase:firebase-iid-interop:16.0.1] AndroidManifest.xml:2:1-10:12
MERGED from [com.google.android.gms:play-services-base:16.0.1] AndroidManifest.xml:17:1-29:12
MERGED from [com.google.firebase:firebase-abt:17.1.0] AndroidManifest.xml:2:1-15:12
MERGED from [com.google.firebase:firebase-common:16.1.0] AndroidManifest.xml:2:1-19:12
MERGED from [com.google.android.gms:play-services-tasks:16.0.1] AndroidManifest.xml:2:1-9:12
MERGED from [com.google.firebase:firebase-measurement-connector:17.0.1] AndroidManifest.xml:17:1-25:12
MERGED from [com.google.android.gms:play-services-measurement:16.4.0] AndroidManifest.xml:17:1-55:12
MERGED from [com.google.android.gms:play-services-measurement-sdk:16.4.0] AndroidManifest.xml:17:1-25:12
MERGED from [com.google.android.gms:play-services-measurement-impl:16.4.0] AndroidManifest.xml:17:1-40:12
MERGED from [com.google.android.gms:play-services-stats:16.0.1] AndroidManifest.xml:2:1-9:12
MERGED from [com.google.android.gms:play-services-measurement-sdk-api:16.4.0] AndroidManifest.xml:17:1-30:12
MERGED from [com.google.android.gms:play-services-measurement-base:16.4.0] AndroidManifest.xml:2:1-9:12
MERGED from [com.google.android.gms:play-services-ads-identifier:16.0.0] AndroidManifest.xml:17:1-24:12
MERGED from [com.google.android.gms:play-services-basement:16.2.0] AndroidManifest.xml:17:1-28:12
MERGED from [com.android.support:support-v4:26.1.0] AndroidManifest.xml:17:1-31:12
MERGED from [com.android.support:support-fragment:28.0.0] AndroidManifest.xml:17:1-22:12
MERGED from [com.android.support:animated-vector-drawable:28.0.0] AndroidManifest.xml:17:1-22:12
MERGED from [com.android.support:support-core-ui:28.0.0] AndroidManifest.xml:17:1-22:12
MERGED from [com.android.support:support-core-utils:28.0.0] AndroidManifest.xml:17:1-22:12
MERGED from [com.android.support:support-vector-drawable:28.0.0] AndroidManifest.xml:17:1-22:12
MERGED from [com.android.support:transition:28.0.0] AndroidManifest.xml:17:1-22:12
MERGED from [com.android.support:loader:28.0.0] AndroidManifest.xml:17:1-22:12
MERGED from [com.android.support:viewpager:28.0.0] AndroidManifest.xml:17:1-22:12
MERGED from [com.android.support:coordinatorlayout:28.0.0] AndroidManifest.xml:17:1-22:12
MERGED from [com.android.support:drawerlayout:28.0.0] AndroidManifest.xml:17:1-22:12
MERGED from [com.android.support:slidingpanelayout:28.0.0] AndroidManifest.xml:17:1-22:12
MERGED from [com.android.support:customview:28.0.0] AndroidManifest.xml:17:1-22:12
MERGED from [com.android.support:swiperefreshlayout:28.0.0] AndroidManifest.xml:17:1-22:12
MERGED from [com.android.support:asynclayoutinflater:28.0.0] AndroidManifest.xml:17:1-22:12
MERGED from [com.android.support:support-media-compat:26.1.0] AndroidManifest.xml:17:1-31:12
MERGED from [com.android.support:support-compat:28.0.0] AndroidManifest.xml:17:1-24:12
MERGED from [com.android.support:versionedparcelable:28.0.0] AndroidManifest.xml:17:1-25:12
MERGED from [com.android.support:cursoradapter:28.0.0] AndroidManifest.xml:17:1-22:12
MERGED from [com.github.bumptech.glide:gifdecoder:4.8.0] AndroidManifest.xml:2:1-11:12
MERGED from [android.arch.lifecycle:runtime:1.1.1] AndroidManifest.xml:17:1-22:12
MERGED from [com.android.support:documentfile:28.0.0] AndroidManifest.xml:17:1-22:12
MERGED from [com.android.support:localbroadcastmanager:28.0.0] AndroidManifest.xml:17:1-22:12
MERGED from [com.android.support:print:28.0.0] AndroidManifest.xml:17:1-22:12
MERGED from [android.arch.lifecycle:viewmodel:1.1.1] AndroidManifest.xml:17:1-22:12
MERGED from [com.android.support:interpolator:28.0.0] AndroidManifest.xml:17:1-22:12
MERGED from [android.arch.lifecycle:livedata:1.1.1] AndroidManifest.xml:17:1-22:12
MERGED from [android.arch.lifecycle:livedata-core:1.1.1] AndroidManifest.xml:17:1-22:12
MERGED from [android.arch.core:runtime:1.1.1] AndroidManifest.xml:17:1-22:12
MERGED from [com.google.firebase:firebase-database-collection:16.0.1] AndroidManifest.xml:2:1-7:12
INJECTED from src/main/AndroidManifest.xml:2:1-58:12
INJECTED from src/main/AndroidManifest.xml:2:1-58:12
INJECTED from src/main/AndroidManifest.xml:2:1-58:12
	package
		ADDED from src/main/AndroidManifest.xml:4:5-31
		INJECTED from src/main/AndroidManifest.xml
		INJECTED from src/main/AndroidManifest.xml
	android:versionName
		INJECTED from src/main/AndroidManifest.xml
		ADDED from src/main/AndroidManifest.xml:2:1-58:12
		INJECTED from src/main/AndroidManifest.xml
	xmlns:tools
		ADDED from src/main/AndroidManifest.xml:3:5-51
	android:versionCode
		INJECTED from src/main/AndroidManifest.xml
		ADDED from src/main/AndroidManifest.xml:2:1-58:12
		INJECTED from src/main/AndroidManifest.xml
	xmlns:android
		ADDED from src/main/AndroidManifest.xml:2:11-69
uses-permission#android.permission.INTERNET
ADDED from src/main/AndroidManifest.xml:6:5-67
MERGED from [com.google.firebase:firebase-perf:16.2.4] AndroidManifest.xml:22:5-67
MERGED from [com.google.firebase:firebase-perf:16.2.4] AndroidManifest.xml:22:5-67
MERGED from [com.google.firebase:firebase-database:16.1.0] AndroidManifest.xml:26:5-67
MERGED from [com.google.firebase:firebase-database:16.1.0] AndroidManifest.xml:26:5-67
MERGED from [com.google.firebase:firebase-crash:16.2.1] AndroidManifest.xml:22:5-67
MERGED from [com.google.firebase:firebase-crash:16.2.1] AndroidManifest.xml:22:5-67
MERGED from [com.google.firebase:firebase-storage:16.1.0] AndroidManifest.xml:27:5-67
MERGED from [com.google.firebase:firebase-storage:16.1.0] AndroidManifest.xml:27:5-67
MERGED from [com.google.android.gms:play-services-measurement-api:16.4.0] AndroidManifest.xml:22:5-67
MERGED from [com.google.android.gms:play-services-measurement-api:16.4.0] AndroidManifest.xml:22:5-67
MERGED from [com.google.firebase:firebase-iid:17.0.3] AndroidManifest.xml:23:5-67
MERGED from [com.google.firebase:firebase-iid:17.0.3] AndroidManifest.xml:23:5-67
MERGED from [com.google.android.gms:play-services-measurement:16.4.0] AndroidManifest.xml:23:5-67
MERGED from [com.google.android.gms:play-services-measurement:16.4.0] AndroidManifest.xml:23:5-67
MERGED from [com.google.android.gms:play-services-measurement-impl:16.4.0] AndroidManifest.xml:23:5-67
MERGED from [com.google.android.gms:play-services-measurement-impl:16.4.0] AndroidManifest.xml:23:5-67
MERGED from [com.google.android.gms:play-services-measurement-sdk-api:16.4.0] AndroidManifest.xml:23:5-67
MERGED from [com.google.android.gms:play-services-measurement-sdk-api:16.4.0] AndroidManifest.xml:23:5-67
	android:name
		ADDED from src/main/AndroidManifest.xml:6:22-64
uses-permission#android.permission.CAMERA
ADDED from src/main/AndroidManifest.xml:7:5-65
	android:name
		ADDED from src/main/AndroidManifest.xml:7:22-62
uses-permission#android.permission.WRITE_EXTERNAL_STORAGE
ADDED from src/main/AndroidManifest.xml:8:5-81
MERGED from [com.mindorks:paracamera:0.2.2] AndroidManifest.xml:11:5-81
MERGED from [com.mindorks:paracamera:0.2.2] AndroidManifest.xml:11:5-81
	android:name
		ADDED from src/main/AndroidManifest.xml:8:22-78
application
ADDED from src/main/AndroidManifest.xml:12:5-56:19
MERGED from [com.karumi:dexter:4.1.0] AndroidManifest.xml:26:5-31:19
MERGED from [com.karumi:dexter:4.1.0] AndroidManifest.xml:26:5-31:19
MERGED from [com.android.support:design:28.0.0] AndroidManifest.xml:22:5-20
MERGED from [com.android.support:design:28.0.0] AndroidManifest.xml:22:5-20
MERGED from [com.github.MdFarhanRaja:SearchableSpinner:1.2] AndroidManifest.xml:11:5-15:19
MERGED from [com.github.MdFarhanRaja:SearchableSpinner:1.2] AndroidManifest.xml:11:5-15:19
MERGED from [com.airbnb.android:lottie:2.2.0] AndroidManifest.xml:10:5-20
MERGED from [com.airbnb.android:lottie:2.2.0] AndroidManifest.xml:10:5-20
MERGED from [com.android.support.constraint:constraint-layout:1.1.3] AndroidManifest.xml:9:5-20
MERGED from [com.android.support.constraint:constraint-layout:1.1.3] AndroidManifest.xml:9:5-20
MERGED from [com.google.firebase:firebase-core:16.0.8] AndroidManifest.xml:7:5-20
MERGED from [com.google.firebase:firebase-core:16.0.8] AndroidManifest.xml:7:5-20
MERGED from [com.google.firebase:firebase-auth:16.2.0] AndroidManifest.xml:23:5-40:19
MERGED from [com.google.firebase:firebase-auth:16.2.0] AndroidManifest.xml:23:5-40:19
MERGED from [com.google.android.gms:play-services-auth:16.0.1] AndroidManifest.xml:22:5-37:19
MERGED from [com.google.android.gms:play-services-auth:16.0.1] AndroidManifest.xml:22:5-37:19
MERGED from [com.github.bumptech.glide:glide:4.8.0] AndroidManifest.xml:10:5-20
MERGED from [com.github.bumptech.glide:glide:4.8.0] AndroidManifest.xml:10:5-20
MERGED from [com.google.firebase:firebase-perf:16.2.4] AndroidManifest.xml:27:5-39:19
MERGED from [com.google.firebase:firebase-perf:16.2.4] AndroidManifest.xml:27:5-39:19
MERGED from [com.google.firebase:firebase-database:16.1.0] AndroidManifest.xml:28:5-34:19
MERGED from [com.google.firebase:firebase-database:16.1.0] AndroidManifest.xml:28:5-34:19
MERGED from [com.google.firebase:firebase-config:16.4.1] AndroidManifest.xml:7:5-13:19
MERGED from [com.google.firebase:firebase-config:16.4.1] AndroidManifest.xml:7:5-13:19
MERGED from [com.google.firebase:firebase-crash:16.2.1] AndroidManifest.xml:24:5-30:19
MERGED from [com.google.firebase:firebase-crash:16.2.1] AndroidManifest.xml:24:5-30:19
MERGED from [com.google.firebase:firebase-storage:16.1.0] AndroidManifest.xml:29:5-35:19
MERGED from [com.google.firebase:firebase-storage:16.1.0] AndroidManifest.xml:29:5-35:19
MERGED from [com.google.android.gms:play-services-vision:17.0.2] AndroidManifest.xml:7:5-20
MERGED from [com.google.android.gms:play-services-vision:17.0.2] AndroidManifest.xml:7:5-20
MERGED from [com.android.volley:volley:1.1.0] AndroidManifest.xml:9:5-20
MERGED from [com.android.volley:volley:1.1.0] AndroidManifest.xml:9:5-20
MERGED from [com.weiwangcn.betterspinner:library:1.1.0] AndroidManifest.xml:11:5-14:19
MERGED from [com.weiwangcn.betterspinner:library:1.1.0] AndroidManifest.xml:11:5-14:19
MERGED from [com.mindorks:paracamera:0.2.2] AndroidManifest.xml:13:5-25:19
MERGED from [com.mindorks:paracamera:0.2.2] AndroidManifest.xml:13:5-25:19
MERGED from [io.paperdb:paperdb:2.1] AndroidManifest.xml:12:5-20
MERGED from [io.paperdb:paperdb:2.1] AndroidManifest.xml:12:5-20
MERGED from [com.google.android.gms:play-services-vision-common:17.0.2] AndroidManifest.xml:7:5-20
MERGED from [com.google.android.gms:play-services-vision-common:17.0.2] AndroidManifest.xml:7:5-20
MERGED from [com.google.firebase:firebase-auth-interop:16.0.1] AndroidManifest.xml:7:5-8:19
MERGED from [com.google.firebase:firebase-auth-interop:16.0.1] AndroidManifest.xml:7:5-8:19
MERGED from [com.google.android.gms:play-services-clearcut:16.0.0] AndroidManifest.xml:22:5-20
MERGED from [com.google.android.gms:play-services-clearcut:16.0.0] AndroidManifest.xml:22:5-20
MERGED from [com.google.android.gms:play-services-phenotype:16.0.0] AndroidManifest.xml:22:5-20
MERGED from [com.google.android.gms:play-services-phenotype:16.0.0] AndroidManifest.xml:22:5-20
MERGED from [com.google.firebase:firebase-analytics:16.4.0] AndroidManifest.xml:7:5-20
MERGED from [com.google.firebase:firebase-analytics:16.4.0] AndroidManifest.xml:7:5-20
MERGED from [com.google.android.gms:play-services-measurement-api:16.4.0] AndroidManifest.xml:26:5-34:19
MERGED from [com.google.android.gms:play-services-measurement-api:16.4.0] AndroidManifest.xml:26:5-34:19
MERGED from [com.google.firebase:firebase-iid:17.0.3] AndroidManifest.xml:28:5-57:19
MERGED from [com.google.firebase:firebase-iid:17.0.3] AndroidManifest.xml:28:5-57:19
MERGED from [com.google.firebase:firebase-iid-interop:16.0.1] AndroidManifest.xml:7:5-8:19
MERGED from [com.google.firebase:firebase-iid-interop:16.0.1] AndroidManifest.xml:7:5-8:19
MERGED from [com.google.android.gms:play-services-base:16.0.1] AndroidManifest.xml:22:5-27:19
MERGED from [com.google.android.gms:play-services-base:16.0.1] AndroidManifest.xml:22:5-27:19
MERGED from [com.google.firebase:firebase-abt:17.1.0] AndroidManifest.xml:7:5-13:19
MERGED from [com.google.firebase:firebase-abt:17.1.0] AndroidManifest.xml:7:5-13:19
MERGED from [com.google.firebase:firebase-common:16.1.0] AndroidManifest.xml:11:5-17:19
MERGED from [com.google.firebase:firebase-common:16.1.0] AndroidManifest.xml:11:5-17:19
MERGED from [com.google.android.gms:play-services-tasks:16.0.1] AndroidManifest.xml:7:5-20
MERGED from [com.google.android.gms:play-services-tasks:16.0.1] AndroidManifest.xml:7:5-20
MERGED from [com.google.firebase:firebase-measurement-connector:17.0.1] AndroidManifest.xml:22:5-23:19
MERGED from [com.google.firebase:firebase-measurement-connector:17.0.1] AndroidManifest.xml:22:5-23:19
MERGED from [com.google.android.gms:play-services-measurement:16.4.0] AndroidManifest.xml:28:5-53:19
MERGED from [com.google.android.gms:play-services-measurement:16.4.0] AndroidManifest.xml:28:5-53:19
MERGED from [com.google.android.gms:play-services-measurement-sdk:16.4.0] AndroidManifest.xml:22:5-23:19
MERGED from [com.google.android.gms:play-services-measurement-sdk:16.4.0] AndroidManifest.xml:22:5-23:19
MERGED from [com.google.android.gms:play-services-measurement-impl:16.4.0] AndroidManifest.xml:28:5-38:19
MERGED from [com.google.android.gms:play-services-measurement-impl:16.4.0] AndroidManifest.xml:28:5-38:19
MERGED from [com.google.android.gms:play-services-stats:16.0.1] AndroidManifest.xml:7:5-20
MERGED from [com.google.android.gms:play-services-stats:16.0.1] AndroidManifest.xml:7:5-20
MERGED from [com.google.android.gms:play-services-measurement-sdk-api:16.4.0] AndroidManifest.xml:27:5-28:19
MERGED from [com.google.android.gms:play-services-measurement-sdk-api:16.4.0] AndroidManifest.xml:27:5-28:19
MERGED from [com.google.android.gms:play-services-measurement-base:16.4.0] AndroidManifest.xml:7:5-20
MERGED from [com.google.android.gms:play-services-measurement-base:16.4.0] AndroidManifest.xml:7:5-20
MERGED from [com.google.android.gms:play-services-ads-identifier:16.0.0] AndroidManifest.xml:22:5-20
MERGED from [com.google.android.gms:play-services-ads-identifier:16.0.0] AndroidManifest.xml:22:5-20
MERGED from [com.google.android.gms:play-services-basement:16.2.0] AndroidManifest.xml:22:5-26:19
MERGED from [com.google.android.gms:play-services-basement:16.2.0] AndroidManifest.xml:22:5-26:19
MERGED from [com.android.support:support-v4:26.1.0] AndroidManifest.xml:25:5-29:19
MERGED from [com.android.support:support-v4:26.1.0] AndroidManifest.xml:25:5-29:19
MERGED from [com.android.support:support-media-compat:26.1.0] AndroidManifest.xml:25:5-29:19
MERGED from [com.android.support:support-media-compat:26.1.0] AndroidManifest.xml:25:5-29:19
MERGED from [com.android.support:support-compat:28.0.0] AndroidManifest.xml:22:5-94
MERGED from [com.android.support:support-compat:28.0.0] AndroidManifest.xml:22:5-94
MERGED from [com.android.support:versionedparcelable:28.0.0] AndroidManifest.xml:22:5-23:19
MERGED from [com.android.support:versionedparcelable:28.0.0] AndroidManifest.xml:22:5-23:19
MERGED from [com.github.bumptech.glide:gifdecoder:4.8.0] AndroidManifest.xml:9:5-20
MERGED from [com.github.bumptech.glide:gifdecoder:4.8.0] AndroidManifest.xml:9:5-20
	android:appComponentFactory
		ADDED from [com.android.support:support-compat:28.0.0] AndroidManifest.xml:22:18-91
	android:supportsRtl
		ADDED from src/main/AndroidManifest.xml:18:9-35
	android:label
		ADDED from src/main/AndroidManifest.xml:16:9-41
	tools:ignore
		ADDED from src/main/AndroidManifest.xml:20:9-48
	android:roundIcon
		ADDED from src/main/AndroidManifest.xml:17:9-54
	android:icon
		ADDED from src/main/AndroidManifest.xml:15:9-43
	android:allowBackup
		ADDED from src/main/AndroidManifest.xml:14:9-35
	android:theme
		ADDED from src/main/AndroidManifest.xml:19:9-40
	android:name
		ADDED from src/main/AndroidManifest.xml:13:9-50
meta-data#com.google.android.gms.version
ADDED from src/main/AndroidManifest.xml:21:9-23:69
MERGED from [com.google.android.gms:play-services-basement:16.2.0] AndroidManifest.xml:23:9-25:69
MERGED from [com.google.android.gms:play-services-basement:16.2.0] AndroidManifest.xml:23:9-25:69
	android:value
		ADDED from src/main/AndroidManifest.xml:23:13-66
	android:name
		ADDED from src/main/AndroidManifest.xml:22:13-58
meta-data#com.google.android.gms.vision.DEPENDENCIES
ADDED from src/main/AndroidManifest.xml:24:9-26:39
	android:value
		ADDED from src/main/AndroidManifest.xml:26:13-36
	android:name
		ADDED from src/main/AndroidManifest.xml:25:13-70
activity#com.stockone.pod.view.pages.ScanBarcode
ADDED from src/main/AndroidManifest.xml:27:9-28:51
	android:screenOrientation
		ADDED from src/main/AndroidManifest.xml:28:13-49
	android:name
		ADDED from src/main/AndroidManifest.xml:27:19-57
activity#com.stockone.pod.view.pages.Login
ADDED from src/main/AndroidManifest.xml:29:9-31:52
	android:screenOrientation
		ADDED from src/main/AndroidManifest.xml:31:13-49
	android:name
		ADDED from src/main/AndroidManifest.xml:30:13-45
activity#com.stockone.pod.view.pages.RefusalDetails
ADDED from src/main/AndroidManifest.xml:32:9-34:52
	android:screenOrientation
		ADDED from src/main/AndroidManifest.xml:34:13-49
	android:name
		ADDED from src/main/AndroidManifest.xml:33:13-54
activity#com.stockone.pod.view.pages.MainActivity
ADDED from src/main/AndroidManifest.xml:35:9-37:52
	android:screenOrientation
		ADDED from src/main/AndroidManifest.xml:37:13-49
	android:name
		ADDED from src/main/AndroidManifest.xml:36:13-52
activity#com.stockone.pod.view.pages.Splash
ADDED from src/main/AndroidManifest.xml:38:9-46:20
	android:screenOrientation
		ADDED from src/main/AndroidManifest.xml:40:13-49
	android:name
		ADDED from src/main/AndroidManifest.xml:39:13-46
intent-filter#action:name:android.intent.action.MAIN+category:name:android.intent.category.LAUNCHER
ADDED from src/main/AndroidManifest.xml:41:13-45:29
action#android.intent.action.MAIN
ADDED from src/main/AndroidManifest.xml:42:17-69
	android:name
		ADDED from src/main/AndroidManifest.xml:42:25-66
category#android.intent.category.LAUNCHER
ADDED from src/main/AndroidManifest.xml:44:17-77
	android:name
		ADDED from src/main/AndroidManifest.xml:44:27-74
activity#com.stockone.pod.view.pages.OrderList
ADDED from src/main/AndroidManifest.xml:47:9-49:52
	android:screenOrientation
		ADDED from src/main/AndroidManifest.xml:49:13-49
	android:name
		ADDED from src/main/AndroidManifest.xml:48:13-49
activity#com.stockone.pod.view.pages.OrderDetails
ADDED from src/main/AndroidManifest.xml:50:9-52:52
	android:screenOrientation
		ADDED from src/main/AndroidManifest.xml:52:13-49
	android:name
		ADDED from src/main/AndroidManifest.xml:51:13-52
activity#com.stockone.pod.view.pages.UserDetails
ADDED from src/main/AndroidManifest.xml:53:9-55:52
	android:screenOrientation
		ADDED from src/main/AndroidManifest.xml:55:13-49
	android:name
		ADDED from src/main/AndroidManifest.xml:54:13-51
uses-sdk
INJECTED from src/main/AndroidManifest.xml reason: use-sdk injection requested
INJECTED from src/main/AndroidManifest.xml
INJECTED from src/main/AndroidManifest.xml
MERGED from [com.karumi:dexter:4.1.0] AndroidManifest.xml:22:5-24:41
MERGED from [com.karumi:dexter:4.1.0] AndroidManifest.xml:22:5-24:41
MERGED from [com.android.support:design:28.0.0] AndroidManifest.xml:20:5-44
MERGED from [com.android.support:design:28.0.0] AndroidManifest.xml:20:5-44
MERGED from [com.github.MdFarhanRaja:SearchableSpinner:1.2] AndroidManifest.xml:7:5-9:41
MERGED from [com.github.MdFarhanRaja:SearchableSpinner:1.2] AndroidManifest.xml:7:5-9:41
MERGED from [com.airbnb.android:lottie:2.2.0] AndroidManifest.xml:6:5-8:41
MERGED from [com.airbnb.android:lottie:2.2.0] AndroidManifest.xml:6:5-8:41
MERGED from [com.amitshekhar.android:android-networking:1.0.2] AndroidManifest.xml:23:5-25:41
MERGED from [com.amitshekhar.android:android-networking:1.0.2] AndroidManifest.xml:23:5-25:41
MERGED from [com.android.support:appcompat-v7:28.0.0] AndroidManifest.xml:20:5-44
MERGED from [com.android.support:appcompat-v7:28.0.0] AndroidManifest.xml:20:5-44
MERGED from [com.android.support.constraint:constraint-layout:1.1.3] AndroidManifest.xml:5:5-7:41
MERGED from [com.android.support.constraint:constraint-layout:1.1.3] AndroidManifest.xml:5:5-7:41
MERGED from [com.jakewharton:butterknife:8.8.1] AndroidManifest.xml:5:5-43
MERGED from [com.jakewharton:butterknife:8.8.1] AndroidManifest.xml:5:5-43
MERGED from [com.google.firebase:firebase-core:16.0.8] AndroidManifest.xml:5:5-44
MERGED from [com.google.firebase:firebase-core:16.0.8] AndroidManifest.xml:5:5-44
MERGED from [com.google.firebase:firebase-auth:16.2.0] AndroidManifest.xml:21:5-44
MERGED from [com.google.firebase:firebase-auth:16.2.0] AndroidManifest.xml:21:5-44
MERGED from [com.google.android.gms:play-services-auth:16.0.1] AndroidManifest.xml:20:5-44
MERGED from [com.google.android.gms:play-services-auth:16.0.1] AndroidManifest.xml:20:5-44
MERGED from [com.github.bumptech.glide:glide:4.8.0] AndroidManifest.xml:6:5-8:41
MERGED from [com.github.bumptech.glide:glide:4.8.0] AndroidManifest.xml:6:5-8:41
MERGED from [com.google.firebase:firebase-perf:16.2.4] AndroidManifest.xml:20:5-44
MERGED from [com.google.firebase:firebase-perf:16.2.4] AndroidManifest.xml:20:5-44
MERGED from [com.google.android.gms:play-services-auth-api-phone:16.0.0] AndroidManifest.xml:5:5-44
MERGED from [com.google.android.gms:play-services-auth-api-phone:16.0.0] AndroidManifest.xml:5:5-44
MERGED from [com.google.firebase:firebase-database:16.1.0] AndroidManifest.xml:19:5-21:41
MERGED from [com.google.firebase:firebase-database:16.1.0] AndroidManifest.xml:19:5-21:41
MERGED from [com.google.firebase:firebase-config:16.4.1] AndroidManifest.xml:5:5-44
MERGED from [com.google.firebase:firebase-config:16.4.1] AndroidManifest.xml:5:5-44
MERGED from [io.reactivex.rxjava2:rxandroid:2.1.0] AndroidManifest.xml:18:5-43
MERGED from [io.reactivex.rxjava2:rxandroid:2.1.0] AndroidManifest.xml:18:5-43
MERGED from [com.flyco.dialog:FlycoDialog_Lib:1.3.2] AndroidManifest.xml:7:5-9:41
MERGED from [com.flyco.dialog:FlycoDialog_Lib:1.3.2] AndroidManifest.xml:7:5-9:41
MERGED from [com.google.firebase:firebase-crash:16.2.1] AndroidManifest.xml:20:5-44
MERGED from [com.google.firebase:firebase-crash:16.2.1] AndroidManifest.xml:20:5-44
MERGED from [com.google.firebase:firebase-storage:16.1.0] AndroidManifest.xml:20:5-22:41
MERGED from [com.google.firebase:firebase-storage:16.1.0] AndroidManifest.xml:20:5-22:41
MERGED from [com.google.android.gms:play-services-vision:17.0.2] AndroidManifest.xml:5:5-44
MERGED from [com.google.android.gms:play-services-vision:17.0.2] AndroidManifest.xml:5:5-44
MERGED from [com.android.support:multidex:1.0.3] AndroidManifest.xml:20:5-43
MERGED from [com.android.support:multidex:1.0.3] AndroidManifest.xml:20:5-43
MERGED from [com.android.volley:volley:1.1.0] AndroidManifest.xml:7:5-43
MERGED from [com.android.volley:volley:1.1.0] AndroidManifest.xml:7:5-43
MERGED from [com.facebook.shimmer:shimmer:0.1.0] AndroidManifest.xml:7:5-9:41
MERGED from [com.facebook.shimmer:shimmer:0.1.0] AndroidManifest.xml:7:5-9:41
MERGED from [com.weiwangcn.betterspinner:library:1.1.0] AndroidManifest.xml:7:5-9:41
MERGED from [com.weiwangcn.betterspinner:library:1.1.0] AndroidManifest.xml:7:5-9:41
MERGED from [com.wang.avi:library:2.1.3] AndroidManifest.xml:7:5-9:41
MERGED from [com.wang.avi:library:2.1.3] AndroidManifest.xml:7:5-9:41
MERGED from [com.mindorks:paracamera:0.2.2] AndroidManifest.xml:7:5-9:41
MERGED from [com.mindorks:paracamera:0.2.2] AndroidManifest.xml:7:5-9:41
MERGED from [io.paperdb:paperdb:2.1] AndroidManifest.xml:8:5-10:41
MERGED from [io.paperdb:paperdb:2.1] AndroidManifest.xml:8:5-10:41
MERGED from [com.android.support:recyclerview-v7:28.0.0] AndroidManifest.xml:20:5-44
MERGED from [com.android.support:recyclerview-v7:28.0.0] AndroidManifest.xml:20:5-44
MERGED from [com.android.support:cardview-v7:28.0.0] AndroidManifest.xml:20:5-44
MERGED from [com.android.support:cardview-v7:28.0.0] AndroidManifest.xml:20:5-44
MERGED from [com.blankj:utilcode:1.7.1] AndroidManifest.xml:8:5-44
MERGED from [com.blankj:utilcode:1.7.1] AndroidManifest.xml:8:5-44
MERGED from [com.google.android.gms:play-services-vision-common:17.0.2] AndroidManifest.xml:5:5-44
MERGED from [com.google.android.gms:play-services-vision-common:17.0.2] AndroidManifest.xml:5:5-44
MERGED from [com.google.android.gms:play-services-flags:16.0.1] AndroidManifest.xml:20:5-44
MERGED from [com.google.android.gms:play-services-flags:16.0.1] AndroidManifest.xml:20:5-44
MERGED from [com.google.firebase:firebase-auth-interop:16.0.1] AndroidManifest.xml:5:5-44
MERGED from [com.google.firebase:firebase-auth-interop:16.0.1] AndroidManifest.xml:5:5-44
MERGED from [com.google.android.gms:play-services-auth-base:16.0.0] AndroidManifest.xml:5:5-44
MERGED from [com.google.android.gms:play-services-auth-base:16.0.0] AndroidManifest.xml:5:5-44
MERGED from [com.google.android.gms:play-services-clearcut:16.0.0] AndroidManifest.xml:20:5-44
MERGED from [com.google.android.gms:play-services-clearcut:16.0.0] AndroidManifest.xml:20:5-44
MERGED from [com.google.android.gms:play-services-phenotype:16.0.0] AndroidManifest.xml:20:5-44
MERGED from [com.google.android.gms:play-services-phenotype:16.0.0] AndroidManifest.xml:20:5-44
MERGED from [com.google.firebase:firebase-analytics:16.4.0] AndroidManifest.xml:5:5-44
MERGED from [com.google.firebase:firebase-analytics:16.4.0] AndroidManifest.xml:5:5-44
MERGED from [com.google.android.gms:play-services-measurement-api:16.4.0] AndroidManifest.xml:20:5-44
MERGED from [com.google.android.gms:play-services-measurement-api:16.4.0] AndroidManifest.xml:20:5-44
MERGED from [com.google.firebase:firebase-iid:17.0.3] AndroidManifest.xml:20:5-44
MERGED from [com.google.firebase:firebase-iid:17.0.3] AndroidManifest.xml:20:5-44
MERGED from [com.google.firebase:firebase-iid-interop:16.0.1] AndroidManifest.xml:5:5-44
MERGED from [com.google.firebase:firebase-iid-interop:16.0.1] AndroidManifest.xml:5:5-44
MERGED from [com.google.android.gms:play-services-base:16.0.1] AndroidManifest.xml:20:5-44
MERGED from [com.google.android.gms:play-services-base:16.0.1] AndroidManifest.xml:20:5-44
MERGED from [com.google.firebase:firebase-abt:17.1.0] AndroidManifest.xml:5:5-44